This file contains any messages produced by compilers while
running configure, to aid debugging if configure makes a mistake.

It was created by opendnp3masterdemo configure 1.1.0, which was
generated by GNU Autoconf 2.68.  Invocation command line was

  $ ./configure --no-create --no-recursion

## --------- ##
## Platform. ##
## --------- ##

hostname = ubuntu
uname -m = i686
uname -r = 3.5.0-23-generic
uname -s = Linux
uname -v = #35~precise1-Ubuntu SMP Fri Jan 25 17:15:33 UTC 2013

/usr/bin/uname -p = unknown
/bin/uname -X     = unknown

/bin/arch              = unknown
/usr/bin/arch -k       = unknown
/usr/convex/getsysinfo = unknown
/usr/bin/hostinfo      = unknown
/bin/machine           = unknown
/usr/bin/oslevel       = unknown
/bin/universe          = unknown

PATH: /usr/local/sbin
PATH: /usr/local/bin
PATH: /usr/sbin
PATH: /usr/bin
PATH: /sbin
PATH: /bin
PATH: /usr/games


## ----------- ##
## Core tests. ##
## ----------- ##

configure:2308: checking for a BSD-compatible install
configure:2376: result: /usr/bin/install -c
configure:2387: checking whether build environment is sane
configure:2437: result: yes
configure:2578: checking for a thread-safe mkdir -p
configure:2617: result: /bin/mkdir -p
configure:2630: checking for gawk
configure:2660: result: no
configure:2630: checking for mawk
configure:2646: found /usr/bin/mawk
configure:2657: result: mawk
configure:2668: checking whether make sets $(MAKE)
configure:2690: result: yes
configure:2791: checking for style of include used by make
configure:2819: result: GNU
configure:2900: checking for g++
configure:2916: found /usr/bin/g++
configure:2927: result: g++
configure:2954: checking for C++ compiler version
configure:2963: g++ --version >&5
g++ (Ubuntu/Linaro 4.6.3-1ubuntu5) 4.6.3
Copyright (C) 2011 Free Software Foundation, Inc.
This is free software; see the source for copying conditions.  There is NO
warranty; not even for MERCHANTABILITY or FITNESS FOR A PARTICULAR PURPOSE.

configure:2974: $? = 0
configure:2963: g++ -v >&5
Using built-in specs.
COLLECT_GCC=g++
COLLECT_LTO_WRAPPER=/usr/lib/gcc/i686-linux-gnu/4.6/lto-wrapper
Target: i686-linux-gnu
Configured with: ../src/configure -v --with-pkgversion='Ubuntu/Linaro 4.6.3-1ubuntu5' --with-bugurl=file:///usr/share/doc/gcc-4.6/README.Bugs --enable-languages=c,c++,fortran,objc,obj-c++ --prefix=/usr --program-suffix=-4.6 --enable-shared --enable-linker-build-id --with-system-zlib --libexecdir=/usr/lib --without-included-gettext --enable-threads=posix --with-gxx-include-dir=/usr/include/c++/4.6 --libdir=/usr/lib --enable-nls --with-sysroot=/ --enable-clocale=gnu --enable-libstdcxx-debug --enable-libstdcxx-time=yes --enable-gnu-unique-object --enable-plugin --enable-objc-gc --enable-targets=all --disable-werror --with-arch-32=i686 --with-tune=generic --enable-checking=release --build=i686-linux-gnu --host=i686-linux-gnu --target=i686-linux-gnu
Thread model: posix
gcc version 4.6.3 (Ubuntu/Linaro 4.6.3-1ubuntu5) 
configure:2974: $? = 0
configure:2963: g++ -V >&5
g++: error: unrecognized option '-V'
g++: fatal error: no input files
compilation terminated.
configure:2974: $? = 4
configure:2963: g++ -qversion >&5
g++: error: unrecognized option '-qversion'
g++: fatal error: no input files
compilation terminated.
configure:2974: $? = 4
configure:2994: checking whether the C++ compiler works
configure:3016: g++    conftest.cpp  >&5
configure:3020: $? = 0
configure:3068: result: yes
configure:3071: checking for C++ compiler default output file name
configure:3073: result: a.out
configure:3079: checking for suffix of executables
configure:3086: g++ -o conftest    conftest.cpp  >&5
configure:3090: $? = 0
configure:3112: result: 
configure:3134: checking whether we are cross compiling
configure:3142: g++ -o conftest    conftest.cpp  >&5
configure:3146: $? = 0
configure:3153: ./conftest
configure:3157: $? = 0
configure:3172: result: no
configure:3177: checking for suffix of object files
configure:3199: g++ -c   conftest.cpp >&5
configure:3203: $? = 0
configure:3224: result: o
configure:3228: checking whether we are using the GNU C++ compiler
configure:3247: g++ -c   conftest.cpp >&5
configure:3247: $? = 0
configure:3256: result: yes
configure:3265: checking whether g++ accepts -g
configure:3285: g++ -c -g  conftest.cpp >&5
configure:3285: $? = 0
configure:3326: result: yes
configure:3351: checking dependency style of g++
configure:3462: result: gcc3
configure:3479: checking whether g++ supports C++11 features by default
configure:3503: g++ -c -g -O2  conftest.cpp >&5
conftest.cpp:15:21: error: expected identifier before 'sizeof'
conftest.cpp:15:21: error: expected ',' or '...' before 'sizeof'
conftest.cpp:15:63: error: ISO C++ forbids declaration of 'static_assert' with no type [-fpermissive]
conftest.cpp:18:29: error: '>>' should be '> >' within a nested template argument list
conftest.cpp:21:13: error: expected constructor, destructor, or type conversion before '(' token
conftest.cpp:25:15: error: expected unqualified-id before '&&' token
configure:3503: $? = 1
configure: failed program was:
| /* confdefs.h */
| #define PACKAGE_NAME "opendnp3masterdemo"
| #define PACKAGE_TARNAME "opendnp3masterdemo"
| #define PACKAGE_VERSION "1.1.0"
| #define PACKAGE_STRING "opendnp3masterdemo 1.1.0"
| #define PACKAGE_BUGREPORT "jadamcrain@automatak.com"
| #define PACKAGE_URL ""
| #define PACKAGE "opendnp3masterdemo"
| #define VERSION "1.1.0"
| /* end confdefs.h.  */
| 
|   template <typename T>
|     struct check
|     {
|       static_assert(sizeof(int) <= sizeof(T), "not big enough");
|     };
| 
|     typedef check<check<bool>> right_angle_brackets;
| 
|     int a;
|     decltype(a) b;
| 
|     typedef check<int> check_type;
|     check_type c;
|     check_type&& cr = static_cast<check_type&&>(c);
| 
configure:3510: result: no
configure:3519: checking whether g++ supports C++11 features with -std=gnu++11
configure:3545: g++ -c -g -O2 -std=gnu++11  conftest.cpp >&5
cc1plus: error: unrecognized command line option '-std=gnu++11'
configure:3545: $? = 1
configure: failed program was:
| /* confdefs.h */
| #define PACKAGE_NAME "opendnp3masterdemo"
| #define PACKAGE_TARNAME "opendnp3masterdemo"
| #define PACKAGE_VERSION "1.1.0"
| #define PACKAGE_STRING "opendnp3masterdemo 1.1.0"
| #define PACKAGE_BUGREPORT "jadamcrain@automatak.com"
| #define PACKAGE_URL ""
| #define PACKAGE "opendnp3masterdemo"
| #define VERSION "1.1.0"
| /* end confdefs.h.  */
| 
|   template <typename T>
|     struct check
|     {
|       static_assert(sizeof(int) <= sizeof(T), "not big enough");
|     };
| 
|     typedef check<check<bool>> right_angle_brackets;
| 
|     int a;
|     decltype(a) b;
| 
|     typedef check<int> check_type;
|     check_type c;
|     check_type&& cr = static_cast<check_type&&>(c);
| 
configure:3554: result: no
configure:3519: checking whether g++ supports C++11 features with -std=gnu++0x
configure:3545: g++ -c -g -O2 -std=gnu++0x  conftest.cpp >&5
configure:3545: $? = 0
configure:3554: result: yes
configure:3571: checking for pthread_create in -lpthread
configure:3596: g++ -o conftest -g -O2 -std=gnu++0x   conftest.cpp -lpthread   >&5
configure:3596: $? = 0
configure:3605: result: yes
configure:3665: checking for boostlib >= 1.45.0
configure:3734: g++ -c -g -O2 -std=gnu++0x  -I/usr/include conftest.cpp >&5
configure:3734: $? = 0
configure:3736: result: yes
configure:3930: checking for gcc
configure:3946: found /usr/bin/gcc
configure:3957: result: gcc
configure:4186: checking for C compiler version
configure:4195: gcc --version >&5
gcc (Ubuntu/Linaro 4.6.3-1ubuntu5) 4.6.3
Copyright (C) 2011 Free Software Foundation, Inc.
This is free software; see the source for copying conditions.  There is NO
warranty; not even for MERCHANTABILITY or FITNESS FOR A PARTICULAR PURPOSE.

configure:4206: $? = 0
configure:4195: gcc -v >&5
Using built-in specs.
COLLECT_GCC=gcc
COLLECT_LTO_WRAPPER=/usr/lib/gcc/i686-linux-gnu/4.6/lto-wrapper
Target: i686-linux-gnu
Configured with: ../src/configure -v --with-pkgversion='Ubuntu/Linaro 4.6.3-1ubuntu5' --with-bugurl=file:///usr/share/doc/gcc-4.6/README.Bugs --enable-languages=c,c++,fortran,objc,obj-c++ --prefix=/usr --program-suffix=-4.6 --enable-shared --enable-linker-build-id --with-system-zlib --libexecdir=/usr/lib --without-included-gettext --enable-threads=posix --with-gxx-include-dir=/usr/include/c++/4.6 --libdir=/usr/lib --enable-nls --with-sysroot=/ --enable-clocale=gnu --enable-libstdcxx-debug --enable-libstdcxx-time=yes --enable-gnu-unique-object --enable-plugin --enable-objc-gc --enable-targets=all --disable-werror --with-arch-32=i686 --with-tune=generic --enable-checking=release --build=i686-linux-gnu --host=i686-linux-gnu --target=i686-linux-gnu
Thread model: posix
gcc version 4.6.3 (Ubuntu/Linaro 4.6.3-1ubuntu5) 
configure:4206: $? = 0
configure:4195: gcc -V >&5
gcc: error: unrecognized option '-V'
gcc: fatal error: no input files
compilation terminated.
configure:4206: $? = 4
configure:4195: gcc -qversion >&5
gcc: error: unrecognized option '-qversion'
gcc: fatal error: no input files
compilation terminated.
configure:4206: $? = 4
configure:4210: checking whether we are using the GNU C compiler
configure:4229: gcc -c   conftest.c >&5
configure:4229: $? = 0
configure:4238: result: yes
configure:4247: checking whether gcc accepts -g
configure:4267: gcc -c -g  conftest.c >&5
configure:4267: $? = 0
configure:4308: result: yes
configure:4325: checking for gcc option to accept ISO C89
configure:4389: gcc  -c -g -O2  conftest.c >&5
configure:4389: $? = 0
configure:4402: result: none needed
configure:4424: checking dependency style of gcc
configure:4535: result: gcc3
configure:4554: checking build system type
configure:4568: result: i686-pc-linux-gnu
configure:4620: checking whether the Boost::System library is available
configure:4644: g++ -c -g -O2 -std=gnu++0x  -I/usr/include conftest.cpp >&5
configure:4644: $? = 0
configure:4659: result: yes
configure:4674: checking for exit in -lboost_system
configure:4699: g++ -o conftest -g -O2 -std=gnu++0x  -I/usr/include  -L/usr/lib conftest.cpp -lboost_system  -lpthread  >&5
configure:4699: $? = 0
configure:4709: result: yes
configure:4860: checking whether the Boost::ASIO library is available
configure:4891: g++ -c -g -O2 -std=gnu++0x  -I/usr/include conftest.cpp >&5
configure:4891: $? = 0
configure:4905: result: yes
configure:5040: checking whether the Boost::Unit_Test_Framework library is available
configure:5063: g++ -c -g -O2 -std=gnu++0x  -I/usr/include conftest.cpp >&5
configure:5063: $? = 0
configure:5077: result: yes
configure:5213: checking host system type
configure:5226: result: i686-pc-linux-gnu
configure:5267: checking how to print strings
configure:5294: result: printf
configure:5315: checking for a sed that does not truncate output
configure:5379: result: /bin/sed
configure:5397: checking for grep that handles long lines and -e
configure:5455: result: /bin/grep
configure:5460: checking for egrep
configure:5522: result: /bin/grep -E
configure:5527: checking for fgrep
configure:5589: result: /bin/grep -F
configure:5624: checking for ld used by gcc
configure:5691: result: /usr/bin/ld
configure:5698: checking if the linker (/usr/bin/ld) is GNU ld
configure:5713: result: yes
configure:5725: checking for BSD- or MS-compatible name lister (nm)
configure:5774: result: /usr/bin/nm -B
configure:5904: checking the name lister (/usr/bin/nm -B) interface
configure:5911: g++ -c -g -O2 -std=gnu++0x  conftest.cpp >&5
configure:5914: /usr/bin/nm -B "conftest.o"
configure:5917: output
00000000 B some_variable
configure:5924: result: BSD nm
configure:5927: checking whether ln -s works
configure:5931: result: yes
configure:5939: checking the maximum length of command line arguments
configure:6069: result: 805306365
configure:6086: checking whether the shell understands some XSI constructs
configure:6096: result: yes
configure:6100: checking whether the shell understands "+="
configure:6106: result: yes
configure:6141: checking how to convert i686-pc-linux-gnu file names to i686-pc-linux-gnu format
configure:6181: result: func_convert_file_noop
configure:6188: checking how to convert i686-pc-linux-gnu file names to toolchain format
configure:6208: result: func_convert_file_noop
configure:6215: checking for /usr/bin/ld option to reload object files
configure:6222: result: -r
configure:6296: checking for objdump
configure:6312: found /usr/bin/objdump
configure:6323: result: objdump
configure:6355: checking how to recognize dependent libraries
configure:6557: result: pass_all
configure:6642: checking for dlltool
configure:6672: result: no
configure:6702: checking how to associate runtime and link libraries
configure:6729: result: printf %s\n
configure:6789: checking for ar
configure:6805: found /usr/bin/ar
configure:6816: result: ar
configure:6853: checking for archiver @FILE support
configure:6870: g++ -c -g -O2 -std=gnu++0x  conftest.cpp >&5
configure:6870: $? = 0
configure:6873: ar cru libconftest.a @conftest.lst >&5
configure:6876: $? = 0
configure:6881: ar cru libconftest.a @conftest.lst >&5
ar: conftest.o: No such file or directory
configure:6884: $? = 1
configure:6896: result: @
configure:6954: checking for strip
configure:6970: found /usr/bin/strip
configure:6981: result: strip
configure:7053: checking for ranlib
configure:7069: found /usr/bin/ranlib
configure:7080: result: ranlib
configure:7182: checking command to parse /usr/bin/nm -B output from gcc object
configure:7302: g++ -c -g -O2 -std=gnu++0x  conftest.cpp >&5
configure:7305: $? = 0
configure:7309: /usr/bin/nm -B conftest.o \| sed -n -e 's/^.*[ ]\([ABCDGIRSTW][ABCDGIRSTW]*\)[ ][ ]*\([_A-Za-z][_A-Za-z0-9]*\)$/\1 \2 \2/p' | sed '/ __gnu_lto/d' \> conftest.nm
configure:7312: $? = 0
configure:7378: g++ -o conftest -g -O2 -std=gnu++0x   conftest.cpp conftstm.o >&5
configure:7381: $? = 0
configure:7419: result: ok
configure:7456: checking for sysroot
configure:7486: result: no
configure:7743: checking for mt
configure:7759: found /bin/mt
configure:7770: result: mt
configure:7793: checking if mt is a manifest tool
configure:7799: mt '-?'
configure:7807: result: no
configure:8449: checking how to run the C preprocessor
configure:8480: gcc -E  conftest.c
configure:8480: $? = 0
configure:8494: gcc -E  conftest.c
conftest.c:16:28: fatal error: ac_nonexistent.h: No such file or directory
compilation terminated.
configure:8494: $? = 1
configure: failed program was:
| /* confdefs.h */
| #define PACKAGE_NAME "opendnp3masterdemo"
| #define PACKAGE_TARNAME "opendnp3masterdemo"
| #define PACKAGE_VERSION "1.1.0"
| #define PACKAGE_STRING "opendnp3masterdemo 1.1.0"
| #define PACKAGE_BUGREPORT "jadamcrain@automatak.com"
| #define PACKAGE_URL ""
| #define PACKAGE "opendnp3masterdemo"
| #define VERSION "1.1.0"
| #define HAVE_LIBPTHREAD 1
| #define HAVE_BOOST /**/
| #define HAVE_BOOST_SYSTEM /**/
| #define HAVE_BOOST_ASIO /**/
| #define HAVE_BOOST_UNIT_TEST_FRAMEWORK /**/
| /* end confdefs.h.  */
| #include <ac_nonexistent.h>
configure:8519: result: gcc -E
configure:8539: gcc -E  conftest.c
configure:8539: $? = 0
configure:8553: gcc -E  conftest.c
conftest.c:16:28: fatal error: ac_nonexistent.h: No such file or directory
compilation terminated.
configure:8553: $? = 1
configure: failed program was:
| /* confdefs.h */
| #define PACKAGE_NAME "opendnp3masterdemo"
| #define PACKAGE_TARNAME "opendnp3masterdemo"
| #define PACKAGE_VERSION "1.1.0"
| #define PACKAGE_STRING "opendnp3masterdemo 1.1.0"
| #define PACKAGE_BUGREPORT "jadamcrain@automatak.com"
| #define PACKAGE_URL ""
| #define PACKAGE "opendnp3masterdemo"
| #define VERSION "1.1.0"
| #define HAVE_LIBPTHREAD 1
| #define HAVE_BOOST /**/
| #define HAVE_BOOST_SYSTEM /**/
| #define HAVE_BOOST_ASIO /**/
| #define HAVE_BOOST_UNIT_TEST_FRAMEWORK /**/
| /* end confdefs.h.  */
| #include <ac_nonexistent.h>
configure:8582: checking for ANSI C header files
configure:8602: gcc -c -g -O2  conftest.c >&5
configure:8602: $? = 0
configure:8675: gcc -o conftest -g -O2   conftest.c -lpthread  >&5
configure:8675: $? = 0
configure:8675: ./conftest
configure:8675: $? = 0
configure:8686: result: yes
configure:8699: checking for sys/types.h
configure:8699: gcc -c -g -O2  conftest.c >&5
configure:8699: $? = 0
configure:8699: result: yes
configure:8699: checking for sys/stat.h
configure:8699: gcc -c -g -O2  conftest.c >&5
configure:8699: $? = 0
configure:8699: result: yes
configure:8699: checking for stdlib.h
configure:8699: gcc -c -g -O2  conftest.c >&5
configure:8699: $? = 0
configure:8699: result: yes
configure:8699: checking for string.h
configure:8699: gcc -c -g -O2  conftest.c >&5
configure:8699: $? = 0
configure:8699: result: yes
configure:8699: checking for memory.h
configure:8699: gcc -c -g -O2  conftest.c >&5
configure:8699: $? = 0
configure:8699: result: yes
configure:8699: checking for strings.h
configure:8699: gcc -c -g -O2  conftest.c >&5
configure:8699: $? = 0
configure:8699: result: yes
configure:8699: checking for inttypes.h
configure:8699: gcc -c -g -O2  conftest.c >&5
configure:8699: $? = 0
configure:8699: result: yes
configure:8699: checking for stdint.h
configure:8699: gcc -c -g -O2  conftest.c >&5
configure:8699: $? = 0
configure:8699: result: yes
configure:8699: checking for unistd.h
configure:8699: gcc -c -g -O2  conftest.c >&5
configure:8699: $? = 0
configure:8699: result: yes
configure:8713: checking for dlfcn.h
configure:8713: gcc -c -g -O2  conftest.c >&5
configure:8713: $? = 0
configure:8713: result: yes
configure:8929: checking for objdir
configure:8944: result: .libs
configure:9215: checking if gcc supports -fno-rtti -fno-exceptions
configure:9233: gcc -c -g -O2  -fno-rtti -fno-exceptions conftest.c >&5
cc1: warning: command line option '-fno-rtti' is valid for C++/ObjC++ but not for C [enabled by default]
configure:9237: $? = 0
configure:9250: result: no
configure:9577: checking for gcc option to produce PIC
configure:9584: result: -fPIC -DPIC
configure:9592: checking if gcc PIC flag -fPIC -DPIC works
configure:9610: gcc -c -g -O2  -fPIC -DPIC -DPIC conftest.c >&5
configure:9614: $? = 0
configure:9627: result: yes
configure:9656: checking if gcc static flag -static works
configure:9684: result: yes
configure:9699: checking if gcc supports -c -o file.o
configure:9720: gcc -c -g -O2  -o out/conftest2.o conftest.c >&5
configure:9724: $? = 0
configure:9746: result: yes
configure:9754: checking if gcc supports -c -o file.o
configure:9801: result: yes
configure:9834: checking whether the gcc linker (/usr/bin/ld) supports shared libraries
configure:10991: result: yes
configure:11028: checking whether -lc should be explicitly linked in
configure:11036: gcc -c -g -O2  conftest.c >&5
configure:11039: $? = 0
configure:11054: gcc -shared  -fPIC -DPIC conftest.o  -v -Wl,-soname -Wl,conftest -o conftest 2\>\&1 \| /bin/grep  -lc  \>/dev/null 2\>\&1
configure:11057: $? = 0
configure:11071: result: no
configure:11231: checking dynamic linker characteristics
configure:11742: gcc -o conftest -g -O2   -Wl,-rpath -Wl,/foo conftest.c -lpthread  >&5
configure:11742: $? = 0
configure:11976: result: GNU/Linux ld.so
configure:12083: checking how to hardcode library paths into programs
configure:12108: result: immediate
configure:12648: checking whether stripping libraries is possible
configure:12653: result: yes
configure:12688: checking if libtool supports shared libraries
configure:12690: result: yes
configure:12693: checking whether to build shared libraries
configure:12714: result: yes
configure:12717: checking whether to build static libraries
configure:12721: result: yes
configure:12744: checking how to run the C++ preprocessor
configure:12771: g++ -E  conftest.cpp
configure:12771: $? = 0
configure:12785: g++ -E  conftest.cpp
conftest.cpp:28:28: fatal error: ac_nonexistent.h: No such file or directory
compilation terminated.
configure:12785: $? = 1
configure: failed program was:
| /* confdefs.h */
| #define PACKAGE_NAME "opendnp3masterdemo"
| #define PACKAGE_TARNAME "opendnp3masterdemo"
| #define PACKAGE_VERSION "1.1.0"
| #define PACKAGE_STRING "opendnp3masterdemo 1.1.0"
| #define PACKAGE_BUGREPORT "jadamcrain@automatak.com"
| #define PACKAGE_URL ""
| #define PACKAGE "opendnp3masterdemo"
| #define VERSION "1.1.0"
| #define HAVE_LIBPTHREAD 1
| #define HAVE_BOOST /**/
| #define HAVE_BOOST_SYSTEM /**/
| #define HAVE_BOOST_ASIO /**/
| #define HAVE_BOOST_UNIT_TEST_FRAMEWORK /**/
| #define STDC_HEADERS 1
| #define HAVE_SYS_TYPES_H 1
| #define HAVE_SYS_STAT_H 1
| #define HAVE_STDLIB_H 1
| #define HAVE_STRING_H 1
| #define HAVE_MEMORY_H 1
| #define HAVE_STRINGS_H 1
| #define HAVE_INTTYPES_H 1
| #define HAVE_STDINT_H 1
| #define HAVE_UNISTD_H 1
| #define HAVE_DLFCN_H 1
| #define LT_OBJDIR ".libs/"
| /* end confdefs.h.  */
| #include <ac_nonexistent.h>
configure:12810: result: g++ -E
configure:12830: g++ -E  conftest.cpp
configure:12830: $? = 0
configure:12844: g++ -E  conftest.cpp
conftest.cpp:28:28: fatal error: ac_nonexistent.h: No such file or directory
compilation terminated.
configure:12844: $? = 1
configure: failed program was:
| /* confdefs.h */
| #define PACKAGE_NAME "opendnp3masterdemo"
| #define PACKAGE_TARNAME "opendnp3masterdemo"
| #define PACKAGE_VERSION "1.1.0"
| #define PACKAGE_STRING "opendnp3masterdemo 1.1.0"
| #define PACKAGE_BUGREPORT "jadamcrain@automatak.com"
| #define PACKAGE_URL ""
| #define PACKAGE "opendnp3masterdemo"
| #define VERSION "1.1.0"
| #define HAVE_LIBPTHREAD 1
| #define HAVE_BOOST /**/
| #define HAVE_BOOST_SYSTEM /**/
| #define HAVE_BOOST_ASIO /**/
| #define HAVE_BOOST_UNIT_TEST_FRAMEWORK /**/
| #define STDC_HEADERS 1
| #define HAVE_SYS_TYPES_H 1
| #define HAVE_SYS_STAT_H 1
| #define HAVE_STDLIB_H 1
| #define HAVE_STRING_H 1
| #define HAVE_MEMORY_H 1
| #define HAVE_STRINGS_H 1
| #define HAVE_INTTYPES_H 1
| #define HAVE_STDINT_H 1
| #define HAVE_UNISTD_H 1
| #define HAVE_DLFCN_H 1
| #define LT_OBJDIR ".libs/"
| /* end confdefs.h.  */
| #include <ac_nonexistent.h>
configure:13013: checking for ld used by g++
configure:13080: result: /usr/bin/ld
configure:13087: checking if the linker (/usr/bin/ld) is GNU ld
configure:13102: result: yes
configure:13157: checking whether the g++ linker (/usr/bin/ld) supports shared libraries
configure:14162: result: yes
configure:14198: g++ -c -g -O2 -std=gnu++0x  conftest.cpp >&5
configure:14201: $? = 0
configure:14721: checking for g++ option to produce PIC
configure:14728: result: -fPIC -DPIC
configure:14736: checking if g++ PIC flag -fPIC -DPIC works
configure:14754: g++ -c -g -O2 -std=gnu++0x  -fPIC -DPIC -DPIC conftest.cpp >&5
configure:14758: $? = 0
configure:14771: result: yes
configure:14794: checking if g++ static flag -static works
configure:14822: result: yes
configure:14834: checking if g++ supports -c -o file.o
configure:14855: g++ -c -g -O2 -std=gnu++0x  -o out/conftest2.o conftest.cpp >&5
configure:14859: $? = 0
configure:14881: result: yes
configure:14886: checking if g++ supports -c -o file.o
configure:14933: result: yes
configure:14963: checking whether the g++ linker (/usr/bin/ld) supports shared libraries
configure:15002: result: yes
configure:15143: checking dynamic linker characteristics
configure:15822: result: GNU/Linux ld.so
configure:15875: checking how to hardcode library paths into programs
configure:15900: result: immediate
configure:15970: --with-lcov=no
configure:16147: creating ./config.status

## ---------------- ##
## Cache variables. ##
## ---------------- ##

ac_cv_build=i686-pc-linux-gnu
ac_cv_c_compiler_gnu=yes
ac_cv_cxx_compiler_gnu=yes
ac_cv_env_CCC_set=
ac_cv_env_CCC_value=
ac_cv_env_CC_set=
ac_cv_env_CC_value=
ac_cv_env_CFLAGS_set=
ac_cv_env_CFLAGS_value=
ac_cv_env_CPPFLAGS_set=
ac_cv_env_CPPFLAGS_value=
ac_cv_env_CPP_set=
ac_cv_env_CPP_value=
ac_cv_env_CXXCPP_set=
ac_cv_env_CXXCPP_value=
ac_cv_env_CXXFLAGS_set=
ac_cv_env_CXXFLAGS_value=
ac_cv_env_CXX_set=
ac_cv_env_CXX_value=
ac_cv_env_LDFLAGS_set=
ac_cv_env_LDFLAGS_value=
ac_cv_env_LIBS_set=
ac_cv_env_LIBS_value=
ac_cv_env_build_alias_set=
ac_cv_env_build_alias_value=
ac_cv_env_host_alias_set=
ac_cv_env_host_alias_value=
ac_cv_env_target_alias_set=
ac_cv_env_target_alias_value=
ac_cv_header_dlfcn_h=yes
ac_cv_header_inttypes_h=yes
ac_cv_header_memory_h=yes
ac_cv_header_stdc=yes
ac_cv_header_stdint_h=yes
ac_cv_header_stdlib_h=yes
ac_cv_header_string_h=yes
ac_cv_header_strings_h=yes
ac_cv_header_sys_stat_h=yes
ac_cv_header_sys_types_h=yes
ac_cv_header_unistd_h=yes
ac_cv_host=i686-pc-linux-gnu
ac_cv_lib_boost_system___exit=yes
ac_cv_lib_pthread_pthread_create=yes
ac_cv_objext=o
ac_cv_path_EGREP='/bin/grep -E'
ac_cv_path_FGREP='/bin/grep -F'
ac_cv_path_GREP=/bin/grep
ac_cv_path_SED=/bin/sed
ac_cv_path_install='/usr/bin/install -c'
ac_cv_path_mkdir=/bin/mkdir
ac_cv_prog_AWK=mawk
ac_cv_prog_CPP='gcc -E'
ac_cv_prog_CXXCPP='g++ -E'
ac_cv_prog_ac_ct_AR=ar
ac_cv_prog_ac_ct_CC=gcc
ac_cv_prog_ac_ct_CXX=g++
ac_cv_prog_ac_ct_MANIFEST_TOOL=mt
ac_cv_prog_ac_ct_OBJDUMP=objdump
ac_cv_prog_ac_ct_RANLIB=ranlib
ac_cv_prog_ac_ct_STRIP=strip
ac_cv_prog_cc_c89=
ac_cv_prog_cc_g=yes
ac_cv_prog_cxx_g=yes
ac_cv_prog_make_make_set=yes
am_cv_CC_dependencies_compiler_type=gcc3
am_cv_CXX_dependencies_compiler_type=gcc3
ax_cv_boost_asio=yes
ax_cv_boost_system=yes
ax_cv_boost_unit_test_framework=yes
ax_cv_cxx_compile_cxx11=no
ax_cv_cxx_compile_cxx11__std_gnupp0x=yes
ax_cv_cxx_compile_cxx11__std_gnupp11=no
lt_cv_ar_at_file=@
lt_cv_archive_cmds_need_lc=no
lt_cv_deplibs_check_method=pass_all
lt_cv_file_magic_cmd='$MAGIC_CMD'
lt_cv_file_magic_test_file=
lt_cv_ld_reload_flag=-r
lt_cv_nm_interface='BSD nm'
lt_cv_objdir=.libs
lt_cv_path_LD=/usr/bin/ld
lt_cv_path_LDCXX=/usr/bin/ld
lt_cv_path_NM='/usr/bin/nm -B'
lt_cv_path_mainfest_tool=no
lt_cv_prog_compiler_c_o=yes
lt_cv_prog_compiler_c_o_CXX=yes
lt_cv_prog_compiler_pic='-fPIC -DPIC'
lt_cv_prog_compiler_pic_CXX='-fPIC -DPIC'
lt_cv_prog_compiler_pic_works=yes
lt_cv_prog_compiler_pic_works_CXX=yes
lt_cv_prog_compiler_rtti_exceptions=no
lt_cv_prog_compiler_static_works=yes
lt_cv_prog_compiler_static_works_CXX=yes
lt_cv_prog_gnu_ld=yes
lt_cv_prog_gnu_ldcxx=yes
lt_cv_sharedlib_from_linklib_cmd='printf %s\n'
lt_cv_shlibpath_overrides_runpath=no
lt_cv_sys_global_symbol_pipe='sed -n -e '\''s/^.*[	 ]\([ABCDGIRSTW][ABCDGIRSTW]*\)[	 ][	 ]*\([_A-Za-z][_A-Za-z0-9]*\)$/\1 \2 \2/p'\'' | sed '\''/ __gnu_lto/d'\'''
lt_cv_sys_global_symbol_to_c_name_address='sed -n -e '\''s/^: \([^ ]*\)[ ]*$/  {\"\1\", (void *) 0},/p'\'' -e '\''s/^[ABCDGIRSTW]* \([^ ]*\) \([^ ]*\)$/  {"\2", (void *) \&\2},/p'\'''
lt_cv_sys_global_symbol_to_c_name_address_lib_prefix='sed -n -e '\''s/^: \([^ ]*\)[ ]*$/  {\"\1\", (void *) 0},/p'\'' -e '\''s/^[ABCDGIRSTW]* \([^ ]*\) \(lib[^ ]*\)$/  {"\2", (void *) \&\2},/p'\'' -e '\''s/^[ABCDGIRSTW]* \([^ ]*\) \([^ ]*\)$/  {"lib\2", (void *) \&\2},/p'\'''
lt_cv_sys_global_symbol_to_cdecl='sed -n -e '\''s/^T .* \(.*\)$/extern int \1();/p'\'' -e '\''s/^[ABCDGIRSTW]* .* \(.*\)$/extern char \1;/p'\'''
lt_cv_sys_max_cmd_len=805306365
lt_cv_to_host_file_cmd=func_convert_file_noop
lt_cv_to_tool_file_cmd=func_convert_file_noop

## ----------------- ##
## Output variables. ##
## ----------------- ##

ACLOCAL='${SHELL} /home/vishak/dnp31/dnp3/cpp/demos/master/build-aux/missing --run aclocal-1.11'
AMDEPBACKSLASH='\'
AMDEP_FALSE='#'
AMDEP_TRUE=''
AMTAR='$${TAR-tar}'
AR='ar'
AUTOCONF='${SHELL} /home/vishak/dnp31/dnp3/cpp/demos/master/build-aux/missing --run autoconf'
AUTOHEADER='${SHELL} /home/vishak/dnp31/dnp3/cpp/demos/master/build-aux/missing --run autoheader'
AUTOMAKE='${SHELL} /home/vishak/dnp31/dnp3/cpp/demos/master/build-aux/missing --run automake-1.11'
AWK='mawk'
BOOST_ASIO_LIB=''
BOOST_CPPFLAGS='-I/usr/include'
BOOST_LDFLAGS='-L/usr/lib'
BOOST_SYSTEM_LIB='-lboost_system'
BOOST_UNIT_TEST_FRAMEWORK_LIB='-lboost_unit_test_framework-mt'
CC='gcc'
CCDEPMODE='depmode=gcc3'
CFLAGS='-g -O2'
CPP='gcc -E'
CPPFLAGS=''
CXX='g++'
CXXCPP='g++ -E'
CXXDEPMODE='depmode=gcc3'
CXXFLAGS='-g -O2 -std=gnu++0x'
CYGPATH_W='echo'
DEFS='-DPACKAGE_NAME=\"opendnp3masterdemo\" -DPACKAGE_TARNAME=\"opendnp3masterdemo\" -DPACKAGE_VERSION=\"1.1.0\" -DPACKAGE_STRING=\"opendnp3masterdemo\ 1.1.0\" -DPACKAGE_BUGREPORT=\"jadamcrain@automatak.com\" -DPACKAGE_URL=\"\" -DPACKAGE=\"opendnp3masterdemo\" -DVERSION=\"1.1.0\" -DHAVE_LIBPTHREAD=1 -DHAVE_BOOST=/\*\*/ -DHAVE_BOOST_SYSTEM=/\*\*/ -DHAVE_BOOST_ASIO=/\*\*/ -DHAVE_BOOST_UNIT_TEST_FRAMEWORK=/\*\*/ -DSTDC_HEADERS=1 -DHAVE_SYS_TYPES_H=1 -DHAVE_SYS_STAT_H=1 -DHAVE_STDLIB_H=1 -DHAVE_STRING_H=1 -DHAVE_MEMORY_H=1 -DHAVE_STRINGS_H=1 -DHAVE_INTTYPES_H=1 -DHAVE_STDINT_H=1 -DHAVE_UNISTD_H=1 -DHAVE_DLFCN_H=1 -DLT_OBJDIR=\".libs/\"'
DEPDIR='.deps'
DLLTOOL='false'
DSYMUTIL=''
DUMPBIN=''
ECHO_C=''
ECHO_N='-n'
ECHO_T=''
EGREP='/bin/grep -E'
EXEEXT=''
FGREP='/bin/grep -F'
GREP='/bin/grep'
INSTALL_DATA='${INSTALL} -m 644'
INSTALL_PROGRAM='${INSTALL}'
INSTALL_SCRIPT='${INSTALL}'
INSTALL_STRIP_PROGRAM='$(install_sh) -c -s'
LD='/usr/bin/ld'
LDFLAGS=''
LIBOBJS=''
LIBS='-lpthread '
LIBTOOL='$(SHELL) $(top_builddir)/libtool'
LIPO=''
LN_S='ln -s'
LTLIBOBJS=''
MAKEINFO='${SHELL} /home/vishak/dnp31/dnp3/cpp/demos/master/build-aux/missing --run makeinfo'
MANIFEST_TOOL=':'
MKDIR_P='/bin/mkdir -p'
NM='/usr/bin/nm -B'
NMEDIT=''
OBJDUMP='objdump'
OBJEXT='o'
OTOOL64=''
OTOOL=''
PACKAGE='opendnp3masterdemo'
PACKAGE_BUGREPORT='jadamcrain@automatak.com'
PACKAGE_NAME='opendnp3masterdemo'
PACKAGE_STRING='opendnp3masterdemo 1.1.0'
PACKAGE_TARNAME='opendnp3masterdemo'
PACKAGE_URL=''
PACKAGE_VERSION='1.1.0'
PATH_SEPARATOR=':'
RANLIB='ranlib'
SED='/bin/sed'
SET_MAKE=''
SHELL='/bin/bash'
STRIP='strip'
VERSION='1.1.0'
ac_ct_AR='ar'
ac_ct_CC='gcc'
ac_ct_CXX='g++'
ac_ct_DUMPBIN=''
am__EXEEXT_FALSE=''
am__EXEEXT_TRUE='#'
am__fastdepCC_FALSE='#'
am__fastdepCC_TRUE=''
am__fastdepCXX_FALSE='#'
am__fastdepCXX_TRUE=''
am__include='include'
am__isrc=''
am__leading_dot='.'
am__nodep='_no'
am__quote=''
am__tar='$${TAR-tar} chof - "$$tardir"'
am__untar='$${TAR-tar} xf -'
bindir='${exec_prefix}/bin'
build='i686-pc-linux-gnu'
build_alias=''
build_cpu='i686'
build_os='linux-gnu'
build_vendor='pc'
datadir='${datarootdir}'
datarootdir='${prefix}/share'
docdir='${datarootdir}/doc/${PACKAGE_TARNAME}'
dvidir='${docdir}'
exec_prefix='${prefix}'
host='i686-pc-linux-gnu'
host_alias=''
host_cpu='i686'
host_os='linux-gnu'
host_vendor='pc'
htmldir='${docdir}'
includedir='${prefix}/include'
infodir='${datarootdir}/info'
install_sh='${SHELL} /home/vishak/dnp31/dnp3/cpp/demos/master/build-aux/install-sh'
libdir='${exec_prefix}/lib'
libexecdir='${exec_prefix}/libexec'
localedir='${datarootdir}/locale'
localstatedir='${prefix}/var'
mandir='${datarootdir}/man'
mkdir_p='/bin/mkdir -p'
oldincludedir='/usr/include'
pdfdir='${docdir}'
prefix='/usr'
program_transform_name='s,x,x,'
psdir='${docdir}'
sbindir='${exec_prefix}/sbin'
sharedstatedir='${prefix}/com'
sysconfdir='${prefix}/etc'
target_alias=''

## ----------- ##
## confdefs.h. ##
## ----------- ##

/* confdefs.h */
#define PACKAGE_NAME "opendnp3masterdemo"
#define PACKAGE_TARNAME "opendnp3masterdemo"
#define PACKAGE_VERSION "1.1.0"
#define PACKAGE_STRING "opendnp3masterdemo 1.1.0"
#define PACKAGE_BUGREPORT "jadamcrain@automatak.com"
#define PACKAGE_URL ""
#define PACKAGE "opendnp3masterdemo"
#define VERSION "1.1.0"
#define HAVE_LIBPTHREAD 1
#define HAVE_BOOST /**/
#define HAVE_BOOST_SYSTEM /**/
#define HAVE_BOOST_ASIO /**/
#define HAVE_BOOST_UNIT_TEST_FRAMEWORK /**/
#define STDC_HEADERS 1
#define HAVE_SYS_TYPES_H 1
#define HAVE_SYS_STAT_H 1
#define HAVE_STDLIB_H 1
#define HAVE_STRING_H 1
#define HAVE_MEMORY_H 1
#define HAVE_STRINGS_H 1
#define HAVE_INTTYPES_H 1
#define HAVE_STDINT_H 1
#define HAVE_UNISTD_H 1
#define HAVE_DLFCN_H 1
#define LT_OBJDIR ".libs/"

configure: exit 0

## ---------------------- ##
## Running config.status. ##
## ---------------------- ##

This file was extended by opendnp3masterdemo config.status 1.1.0, which was
generated by GNU Autoconf 2.68.  Invocation command line was

  CONFIG_FILES    = 
  CONFIG_HEADERS  = 
  CONFIG_LINKS    = 
  CONFIG_COMMANDS = 
  $ ./config.status 

on ubuntu

config.status:1080: creating Makefile
config.status:1252: executing depfiles commands
config.status:1252: executing libtool commands
